{"/Users/i/Dev/saga-toolkit/src/index.ts": {"path":"/Users/i/Dev/saga-toolkit/src/index.ts","all":false,"statementMap":{"0":{"start":{"line":1,"column":0},"end":{"line":1,"column":49}},"1":{"start":{"line":2,"column":0},"end":{"line":2,"column":65}},"2":{"start":{"line":3,"column":0},"end":{"line":3,"column":83}},"3":{"start":{"line":4,"column":0},"end":{"line":4,"column":60}},"4":{"start":{"line":5,"column":0},"end":{"line":5,"column":66}},"5":{"start":{"line":6,"column":0},"end":{"line":6,"column":47}},"6":{"start":{"line":7,"column":0},"end":{"line":7,"column":35}},"7":{"start":{"line":8,"column":0},"end":{"line":8,"column":0}},"8":{"start":{"line":9,"column":0},"end":{"line":9,"column":41}},"9":{"start":{"line":10,"column":0},"end":{"line":10,"column":94}},"10":{"start":{"line":11,"column":0},"end":{"line":11,"column":102}},"11":{"start":{"line":12,"column":0},"end":{"line":12,"column":49}},"12":{"start":{"line":13,"column":0},"end":{"line":13,"column":0}},"13":{"start":{"line":14,"column":0},"end":{"line":14,"column":33}},"14":{"start":{"line":15,"column":0},"end":{"line":15,"column":31}},"15":{"start":{"line":16,"column":0},"end":{"line":16,"column":36}},"16":{"start":{"line":17,"column":0},"end":{"line":17,"column":23}},"17":{"start":{"line":18,"column":0},"end":{"line":18,"column":1}},"18":{"start":{"line":19,"column":0},"end":{"line":19,"column":0}},"19":{"start":{"line":20,"column":0},"end":{"line":20,"column":19}},"20":{"start":{"line":21,"column":0},"end":{"line":21,"column":22}},"21":{"start":{"line":22,"column":0},"end":{"line":22,"column":23}},"22":{"start":{"line":23,"column":0},"end":{"line":23,"column":38}},"23":{"start":{"line":24,"column":0},"end":{"line":24,"column":22}},"24":{"start":{"line":25,"column":0},"end":{"line":25,"column":1}},"25":{"start":{"line":26,"column":0},"end":{"line":26,"column":0}},"26":{"start":{"line":27,"column":0},"end":{"line":27,"column":44}},"27":{"start":{"line":28,"column":0},"end":{"line":28,"column":0}},"28":{"start":{"line":29,"column":0},"end":{"line":29,"column":43}},"29":{"start":{"line":30,"column":0},"end":{"line":30,"column":37}},"30":{"start":{"line":31,"column":0},"end":{"line":31,"column":30}},"31":{"start":{"line":32,"column":0},"end":{"line":32,"column":31}},"32":{"start":{"line":33,"column":0},"end":{"line":33,"column":18}},"33":{"start":{"line":34,"column":0},"end":{"line":34,"column":17}},"34":{"start":{"line":35,"column":0},"end":{"line":35,"column":5}},"35":{"start":{"line":36,"column":0},"end":{"line":36,"column":0}},"36":{"start":{"line":37,"column":0},"end":{"line":37,"column":30}},"37":{"start":{"line":38,"column":0},"end":{"line":38,"column":47}},"38":{"start":{"line":39,"column":0},"end":{"line":39,"column":40}},"39":{"start":{"line":40,"column":0},"end":{"line":40,"column":46}},"40":{"start":{"line":41,"column":0},"end":{"line":41,"column":9}},"41":{"start":{"line":42,"column":0},"end":{"line":42,"column":12}},"42":{"start":{"line":43,"column":0},"end":{"line":43,"column":37}},"43":{"start":{"line":44,"column":0},"end":{"line":44,"column":5}},"44":{"start":{"line":45,"column":0},"end":{"line":45,"column":0}},"45":{"start":{"line":46,"column":0},"end":{"line":46,"column":27}},"46":{"start":{"line":47,"column":0},"end":{"line":47,"column":1}},"47":{"start":{"line":48,"column":0},"end":{"line":48,"column":0}},"48":{"start":{"line":49,"column":0},"end":{"line":49,"column":90}},"49":{"start":{"line":50,"column":0},"end":{"line":50,"column":0}},"50":{"start":{"line":51,"column":0},"end":{"line":51,"column":110}},"51":{"start":{"line":52,"column":0},"end":{"line":52,"column":126}},"52":{"start":{"line":53,"column":0},"end":{"line":53,"column":0}},"53":{"start":{"line":54,"column":0},"end":{"line":54,"column":43}},"54":{"start":{"line":55,"column":0},"end":{"line":55,"column":48}},"55":{"start":{"line":56,"column":0},"end":{"line":56,"column":0}},"56":{"start":{"line":57,"column":0},"end":{"line":57,"column":112}},"57":{"start":{"line":58,"column":0},"end":{"line":58,"column":76}},"58":{"start":{"line":59,"column":0},"end":{"line":59,"column":46}},"59":{"start":{"line":60,"column":0},"end":{"line":60,"column":65}},"60":{"start":{"line":61,"column":0},"end":{"line":61,"column":13}},"61":{"start":{"line":62,"column":0},"end":{"line":62,"column":0}},"62":{"start":{"line":63,"column":0},"end":{"line":63,"column":26}},"63":{"start":{"line":64,"column":0},"end":{"line":64,"column":9}},"64":{"start":{"line":65,"column":0},"end":{"line":65,"column":5}},"65":{"start":{"line":66,"column":0},"end":{"line":66,"column":0}},"66":{"start":{"line":67,"column":0},"end":{"line":67,"column":34}},"67":{"start":{"line":68,"column":0},"end":{"line":68,"column":31}},"68":{"start":{"line":69,"column":0},"end":{"line":69,"column":33}},"69":{"start":{"line":70,"column":0},"end":{"line":70,"column":35}},"70":{"start":{"line":71,"column":0},"end":{"line":71,"column":37}},"71":{"start":{"line":72,"column":0},"end":{"line":72,"column":66}},"72":{"start":{"line":73,"column":0},"end":{"line":73,"column":6}},"73":{"start":{"line":74,"column":0},"end":{"line":74,"column":0}},"74":{"start":{"line":75,"column":0},"end":{"line":75,"column":69}},"75":{"start":{"line":76,"column":0},"end":{"line":76,"column":1}},"76":{"start":{"line":77,"column":0},"end":{"line":77,"column":0}},"77":{"start":{"line":78,"column":0},"end":{"line":78,"column":40}},"78":{"start":{"line":79,"column":0},"end":{"line":79,"column":30}},"79":{"start":{"line":80,"column":0},"end":{"line":80,"column":1}},"80":{"start":{"line":81,"column":0},"end":{"line":81,"column":0}},"81":{"start":{"line":82,"column":0},"end":{"line":82,"column":79}},"82":{"start":{"line":83,"column":0},"end":{"line":83,"column":39}},"83":{"start":{"line":84,"column":0},"end":{"line":84,"column":0}},"84":{"start":{"line":85,"column":0},"end":{"line":85,"column":19}},"85":{"start":{"line":86,"column":0},"end":{"line":86,"column":52}},"86":{"start":{"line":87,"column":0},"end":{"line":87,"column":35}},"87":{"start":{"line":88,"column":0},"end":{"line":88,"column":51}},"88":{"start":{"line":89,"column":0},"end":{"line":89,"column":13}},"89":{"start":{"line":90,"column":0},"end":{"line":90,"column":11}},"90":{"start":{"line":91,"column":0},"end":{"line":91,"column":32}},"91":{"start":{"line":92,"column":0},"end":{"line":92,"column":5}},"92":{"start":{"line":93,"column":0},"end":{"line":93,"column":0}},"93":{"start":{"line":94,"column":0},"end":{"line":94,"column":18}},"94":{"start":{"line":95,"column":0},"end":{"line":95,"column":1}},"95":{"start":{"line":96,"column":0},"end":{"line":96,"column":0}},"96":{"start":{"line":97,"column":0},"end":{"line":97,"column":119}},"97":{"start":{"line":98,"column":0},"end":{"line":98,"column":74}},"98":{"start":{"line":99,"column":0},"end":{"line":99,"column":60}},"99":{"start":{"line":100,"column":0},"end":{"line":100,"column":0}},"100":{"start":{"line":101,"column":0},"end":{"line":101,"column":33}},"101":{"start":{"line":102,"column":0},"end":{"line":102,"column":0}},"102":{"start":{"line":103,"column":0},"end":{"line":103,"column":37}},"103":{"start":{"line":104,"column":0},"end":{"line":104,"column":0}},"104":{"start":{"line":105,"column":0},"end":{"line":105,"column":9}},"105":{"start":{"line":106,"column":0},"end":{"line":106,"column":50}},"106":{"start":{"line":107,"column":0},"end":{"line":107,"column":32}},"107":{"start":{"line":108,"column":0},"end":{"line":108,"column":21}},"108":{"start":{"line":109,"column":0},"end":{"line":109,"column":30}},"109":{"start":{"line":110,"column":0},"end":{"line":110,"column":15}},"110":{"start":{"line":111,"column":0},"end":{"line":111,"column":26}},"111":{"start":{"line":112,"column":0},"end":{"line":112,"column":5}},"112":{"start":{"line":113,"column":0},"end":{"line":113,"column":1}},"113":{"start":{"line":114,"column":0},"end":{"line":114,"column":0}},"114":{"start":{"line":115,"column":0},"end":{"line":115,"column":68}},"115":{"start":{"line":116,"column":0},"end":{"line":116,"column":138}},"116":{"start":{"line":117,"column":0},"end":{"line":117,"column":18}},"117":{"start":{"line":118,"column":0},"end":{"line":118,"column":91}},"118":{"start":{"line":119,"column":0},"end":{"line":119,"column":50}},"119":{"start":{"line":120,"column":0},"end":{"line":120,"column":5}},"120":{"start":{"line":121,"column":0},"end":{"line":121,"column":2}},"121":{"start":{"line":122,"column":0},"end":{"line":122,"column":0}},"122":{"start":{"line":123,"column":0},"end":{"line":123,"column":95}},"123":{"start":{"line":124,"column":0},"end":{"line":124,"column":45}},"124":{"start":{"line":125,"column":0},"end":{"line":125,"column":38}},"125":{"start":{"line":126,"column":0},"end":{"line":126,"column":0}},"126":{"start":{"line":127,"column":0},"end":{"line":127,"column":169}},"127":{"start":{"line":128,"column":0},"end":{"line":128,"column":116}},"128":{"start":{"line":129,"column":0},"end":{"line":129,"column":1}},"129":{"start":{"line":130,"column":0},"end":{"line":130,"column":0}},"130":{"start":{"line":131,"column":0},"end":{"line":131,"column":170}},"131":{"start":{"line":132,"column":0},"end":{"line":132,"column":46}},"132":{"start":{"line":133,"column":0},"end":{"line":133,"column":33}},"133":{"start":{"line":134,"column":0},"end":{"line":134,"column":0}},"134":{"start":{"line":135,"column":0},"end":{"line":135,"column":95}},"135":{"start":{"line":136,"column":0},"end":{"line":136,"column":23}},"136":{"start":{"line":137,"column":0},"end":{"line":137,"column":68}},"137":{"start":{"line":138,"column":0},"end":{"line":138,"column":72}},"138":{"start":{"line":139,"column":0},"end":{"line":139,"column":0}},"139":{"start":{"line":140,"column":0},"end":{"line":140,"column":32}},"140":{"start":{"line":141,"column":0},"end":{"line":141,"column":31}},"141":{"start":{"line":142,"column":0},"end":{"line":142,"column":13}},"142":{"start":{"line":143,"column":0},"end":{"line":143,"column":0}},"143":{"start":{"line":144,"column":0},"end":{"line":144,"column":69}},"144":{"start":{"line":145,"column":0},"end":{"line":145,"column":0}},"145":{"start":{"line":146,"column":0},"end":{"line":146,"column":30}},"146":{"start":{"line":147,"column":0},"end":{"line":147,"column":9}},"147":{"start":{"line":148,"column":0},"end":{"line":148,"column":0}},"148":{"start":{"line":149,"column":0},"end":{"line":149,"column":35}},"149":{"start":{"line":150,"column":0},"end":{"line":150,"column":78}},"150":{"start":{"line":151,"column":0},"end":{"line":151,"column":0}},"151":{"start":{"line":152,"column":0},"end":{"line":152,"column":83}},"152":{"start":{"line":153,"column":0},"end":{"line":153,"column":0}},"153":{"start":{"line":154,"column":0},"end":{"line":154,"column":23}},"154":{"start":{"line":155,"column":0},"end":{"line":155,"column":39}},"155":{"start":{"line":156,"column":0},"end":{"line":156,"column":9}},"156":{"start":{"line":157,"column":0},"end":{"line":157,"column":0}},"157":{"start":{"line":158,"column":0},"end":{"line":158,"column":66}},"158":{"start":{"line":159,"column":0},"end":{"line":159,"column":0}},"159":{"start":{"line":160,"column":0},"end":{"line":160,"column":23}},"160":{"start":{"line":161,"column":0},"end":{"line":161,"column":5}},"161":{"start":{"line":162,"column":0},"end":{"line":162,"column":0}},"162":{"start":{"line":163,"column":0},"end":{"line":163,"column":175}},"163":{"start":{"line":164,"column":0},"end":{"line":164,"column":22}},"164":{"start":{"line":165,"column":0},"end":{"line":165,"column":120}},"165":{"start":{"line":166,"column":0},"end":{"line":166,"column":45}},"166":{"start":{"line":167,"column":0},"end":{"line":167,"column":47}},"167":{"start":{"line":168,"column":0},"end":{"line":168,"column":75}},"168":{"start":{"line":169,"column":0},"end":{"line":169,"column":42}},"169":{"start":{"line":170,"column":0},"end":{"line":170,"column":9}},"170":{"start":{"line":171,"column":0},"end":{"line":171,"column":6}},"171":{"start":{"line":172,"column":0},"end":{"line":172,"column":0}},"172":{"start":{"line":173,"column":0},"end":{"line":173,"column":88}},"173":{"start":{"line":174,"column":0},"end":{"line":174,"column":1}},"174":{"start":{"line":175,"column":0},"end":{"line":175,"column":0}},"175":{"start":{"line":176,"column":0},"end":{"line":176,"column":173}},"176":{"start":{"line":177,"column":0},"end":{"line":177,"column":33}},"177":{"start":{"line":178,"column":0},"end":{"line":178,"column":0}},"178":{"start":{"line":179,"column":0},"end":{"line":179,"column":95}},"179":{"start":{"line":180,"column":0},"end":{"line":180,"column":78}},"180":{"start":{"line":181,"column":0},"end":{"line":181,"column":0}},"181":{"start":{"line":182,"column":0},"end":{"line":182,"column":23}},"182":{"start":{"line":183,"column":0},"end":{"line":183,"column":68}},"183":{"start":{"line":184,"column":0},"end":{"line":184,"column":35}},"184":{"start":{"line":185,"column":0},"end":{"line":185,"column":60}},"185":{"start":{"line":186,"column":0},"end":{"line":186,"column":93}},"186":{"start":{"line":187,"column":0},"end":{"line":187,"column":0}},"187":{"start":{"line":188,"column":0},"end":{"line":188,"column":23}},"188":{"start":{"line":189,"column":0},"end":{"line":189,"column":42}},"189":{"start":{"line":190,"column":0},"end":{"line":190,"column":54}},"190":{"start":{"line":191,"column":0},"end":{"line":191,"column":37}},"191":{"start":{"line":192,"column":0},"end":{"line":192,"column":13}},"192":{"start":{"line":193,"column":0},"end":{"line":193,"column":16}},"193":{"start":{"line":194,"column":0},"end":{"line":194,"column":39}},"194":{"start":{"line":195,"column":0},"end":{"line":195,"column":68}},"195":{"start":{"line":196,"column":0},"end":{"line":196,"column":35}},"196":{"start":{"line":197,"column":0},"end":{"line":197,"column":52}},"197":{"start":{"line":198,"column":0},"end":{"line":198,"column":0}},"198":{"start":{"line":199,"column":0},"end":{"line":199,"column":74}},"199":{"start":{"line":200,"column":0},"end":{"line":200,"column":0}},"200":{"start":{"line":201,"column":0},"end":{"line":201,"column":31}},"201":{"start":{"line":202,"column":0},"end":{"line":202,"column":49}},"202":{"start":{"line":203,"column":0},"end":{"line":203,"column":17}},"203":{"start":{"line":204,"column":0},"end":{"line":204,"column":31}},"204":{"start":{"line":205,"column":0},"end":{"line":205,"column":13}},"205":{"start":{"line":206,"column":0},"end":{"line":206,"column":9}},"206":{"start":{"line":207,"column":0},"end":{"line":207,"column":5}},"207":{"start":{"line":208,"column":0},"end":{"line":208,"column":0}},"208":{"start":{"line":209,"column":0},"end":{"line":209,"column":88}},"209":{"start":{"line":210,"column":0},"end":{"line":210,"column":1}},"210":{"start":{"line":211,"column":0},"end":{"line":211,"column":0}},"211":{"start":{"line":212,"column":0},"end":{"line":212,"column":159}},"212":{"start":{"line":213,"column":0},"end":{"line":213,"column":47}},"213":{"start":{"line":214,"column":0},"end":{"line":214,"column":54}},"214":{"start":{"line":215,"column":0},"end":{"line":215,"column":88}},"215":{"start":{"line":216,"column":0},"end":{"line":216,"column":1}}},"s":{"0":1,"1":1,"2":1,"3":1,"4":1,"5":1,"6":1,"7":1,"8":1,"9":1,"10":1,"11":1,"12":1,"13":1,"14":1,"15":1,"16":1,"17":1,"18":1,"19":1,"20":1,"21":1,"22":1,"23":1,"24":1,"25":1,"26":1,"27":1,"28":1,"29":8,"30":8,"31":8,"32":8,"33":8,"34":8,"35":8,"36":8,"37":6,"38":6,"39":6,"40":6,"41":8,"42":2,"43":2,"44":8,"45":8,"46":8,"47":1,"48":1,"49":1,"50":1,"51":6,"52":6,"53":6,"54":8,"55":8,"56":8,"57":8,"58":8,"59":8,"60":8,"61":8,"62":8,"63":8,"64":8,"65":6,"66":6,"67":6,"68":6,"69":6,"70":6,"71":6,"72":6,"73":6,"74":6,"75":6,"76":1,"77":1,"78":8,"79":8,"80":1,"81":12,"82":12,"83":12,"84":12,"85":6,"86":6,"87":6,"88":6,"89":6,"90":6,"91":6,"92":6,"93":6,"94":6,"95":1,"96":1,"97":7,"98":7,"99":7,"100":7,"101":7,"102":7,"103":7,"104":7,"105":7,"106":5,"107":7,"108":1,"109":7,"110":7,"111":7,"112":7,"113":1,"114":1,"115":1,"116":5,"117":11,"118":6,"119":6,"120":5,"121":1,"122":1,"123":1,"124":1,"125":1,"126":1,"127":4,"128":4,"129":1,"130":1,"131":1,"132":1,"133":1,"134":1,"135":2,"136":1,"137":1,"138":1,"139":1,"140":1,"141":1,"142":1,"143":1,"144":1,"145":1,"146":1,"147":2,"148":2,"149":2,"150":2,"151":2,"152":2,"153":2,"154":2,"155":2,"156":2,"157":2,"158":1,"159":1,"160":2,"161":1,"162":1,"163":1,"164":3,"165":2,"166":2,"167":2,"168":2,"169":2,"170":1,"171":1,"172":1,"173":1,"174":1,"175":1,"176":1,"177":1,"178":1,"179":2,"180":2,"181":2,"182":1,"183":1,"184":1,"185":1,"186":1,"187":1,"188":1,"189":1,"190":1,"191":1,"192":1,"193":1,"194":1,"195":1,"196":1,"197":1,"198":1,"199":1,"200":1,"201":1,"202":1,"203":1,"204":1,"205":1,"206":2,"207":1,"208":1,"209":1,"210":1,"211":1,"212":1,"213":1,"214":1,"215":1},"branchMap":{"0":{"type":"branch","line":29,"loc":{"start":{"line":29,"column":19},"end":{"line":47,"column":1}},"locations":[{"start":{"line":29,"column":19},"end":{"line":47,"column":1}}]},"1":{"type":"branch","line":37,"loc":{"start":{"line":37,"column":29},"end":{"line":42,"column":11}},"locations":[{"start":{"line":37,"column":29},"end":{"line":42,"column":11}}]},"2":{"type":"branch","line":42,"loc":{"start":{"line":42,"column":4},"end":{"line":44,"column":5}},"locations":[{"start":{"line":42,"column":4},"end":{"line":44,"column":5}}]},"3":{"type":"branch","line":51,"loc":{"start":{"line":51,"column":32},"end":{"line":76,"column":1}},"locations":[{"start":{"line":51,"column":32},"end":{"line":76,"column":1}}]},"4":{"type":"branch","line":52,"loc":{"start":{"line":52,"column":61},"end":{"line":52,"column":125}},"locations":[{"start":{"line":52,"column":61},"end":{"line":52,"column":125}}]},"5":{"type":"branch","line":54,"loc":{"start":{"line":54,"column":4},"end":{"line":65,"column":5}},"locations":[{"start":{"line":54,"column":4},"end":{"line":65,"column":5}}]},"6":{"type":"branch","line":57,"loc":{"start":{"line":57,"column":15},"end":{"line":64,"column":9}},"locations":[{"start":{"line":57,"column":15},"end":{"line":64,"column":9}}]},"7":{"type":"branch","line":78,"loc":{"start":{"line":78,"column":16},"end":{"line":80,"column":1}},"locations":[{"start":{"line":78,"column":16},"end":{"line":80,"column":1}}]},"8":{"type":"branch","line":82,"loc":{"start":{"line":82,"column":0},"end":{"line":95,"column":1}},"locations":[{"start":{"line":82,"column":0},"end":{"line":95,"column":1}}]},"9":{"type":"branch","line":85,"loc":{"start":{"line":85,"column":18},"end":{"line":95,"column":1}},"locations":[{"start":{"line":85,"column":18},"end":{"line":95,"column":1}}]},"10":{"type":"branch","line":86,"loc":{"start":{"line":86,"column":42},"end":{"line":90,"column":9}},"locations":[{"start":{"line":86,"column":42},"end":{"line":90,"column":9}}]},"11":{"type":"branch","line":88,"loc":{"start":{"line":88,"column":23},"end":{"line":88,"column":51}},"locations":[{"start":{"line":88,"column":23},"end":{"line":88,"column":51}}]},"12":{"type":"branch","line":97,"loc":{"start":{"line":97,"column":13},"end":{"line":113,"column":1}},"locations":[{"start":{"line":97,"column":13},"end":{"line":113,"column":1}}]},"13":{"type":"branch","line":97,"loc":{"start":{"line":97,"column":35},"end":{"line":113,"column":1}},"locations":[{"start":{"line":97,"column":35},"end":{"line":113,"column":1}}]},"14":{"type":"branch","line":101,"loc":{"start":{"line":101,"column":27},"end":{"line":101,"column":33}},"locations":[{"start":{"line":101,"column":27},"end":{"line":101,"column":33}}]},"15":{"type":"branch","line":106,"loc":{"start":{"line":106,"column":49},"end":{"line":108,"column":13}},"locations":[{"start":{"line":106,"column":49},"end":{"line":108,"column":13}}]},"16":{"type":"branch","line":108,"loc":{"start":{"line":108,"column":4},"end":{"line":110,"column":6}},"locations":[{"start":{"line":108,"column":4},"end":{"line":110,"column":6}}]},"17":{"type":"branch","line":110,"loc":{"start":{"line":110,"column":4},"end":{"line":110,"column":6}},"locations":[{"start":{"line":110,"column":4},"end":{"line":110,"column":6}}]},"18":{"type":"branch","line":116,"loc":{"start":{"line":116,"column":24},"end":{"line":121,"column":2}},"locations":[{"start":{"line":116,"column":24},"end":{"line":121,"column":2}}]},"19":{"type":"branch","line":116,"loc":{"start":{"line":116,"column":124},"end":{"line":121,"column":2}},"locations":[{"start":{"line":116,"column":124},"end":{"line":121,"column":2}}]},"20":{"type":"branch","line":117,"loc":{"start":{"line":117,"column":17},"end":{"line":120,"column":5}},"locations":[{"start":{"line":117,"column":17},"end":{"line":120,"column":5}}]},"21":{"type":"branch","line":118,"loc":{"start":{"line":118,"column":79},"end":{"line":120,"column":5}},"locations":[{"start":{"line":118,"column":79},"end":{"line":120,"column":5}}]},"22":{"type":"branch","line":127,"loc":{"start":{"line":127,"column":7},"end":{"line":129,"column":1}},"locations":[{"start":{"line":127,"column":7},"end":{"line":129,"column":1}}]},"23":{"type":"branch","line":131,"loc":{"start":{"line":131,"column":7},"end":{"line":174,"column":1}},"locations":[{"start":{"line":131,"column":7},"end":{"line":174,"column":1}}]},"24":{"type":"branch","line":135,"loc":{"start":{"line":135,"column":4},"end":{"line":161,"column":5}},"locations":[{"start":{"line":135,"column":4},"end":{"line":161,"column":5}}]},"25":{"type":"branch","line":136,"loc":{"start":{"line":136,"column":22},"end":{"line":147,"column":9}},"locations":[{"start":{"line":136,"column":22},"end":{"line":147,"column":9}}]},"26":{"type":"branch","line":158,"loc":{"start":{"line":158,"column":65},"end":{"line":160,"column":23}},"locations":[{"start":{"line":158,"column":65},"end":{"line":160,"column":23}}]},"27":{"type":"branch","line":163,"loc":{"start":{"line":163,"column":28},"end":{"line":171,"column":6}},"locations":[{"start":{"line":163,"column":28},"end":{"line":171,"column":6}}]},"28":{"type":"branch","line":163,"loc":{"start":{"line":163,"column":126},"end":{"line":171,"column":5}},"locations":[{"start":{"line":163,"column":126},"end":{"line":171,"column":5}}]},"29":{"type":"branch","line":164,"loc":{"start":{"line":164,"column":21},"end":{"line":170,"column":9}},"locations":[{"start":{"line":164,"column":21},"end":{"line":170,"column":9}}]},"30":{"type":"branch","line":165,"loc":{"start":{"line":165,"column":83},"end":{"line":170,"column":9}},"locations":[{"start":{"line":165,"column":83},"end":{"line":170,"column":9}}]},"31":{"type":"branch","line":176,"loc":{"start":{"line":176,"column":7},"end":{"line":210,"column":1}},"locations":[{"start":{"line":176,"column":7},"end":{"line":210,"column":1}}]},"32":{"type":"branch","line":179,"loc":{"start":{"line":179,"column":4},"end":{"line":207,"column":5}},"locations":[{"start":{"line":179,"column":4},"end":{"line":207,"column":5}}]},"33":{"type":"branch","line":182,"loc":{"start":{"line":182,"column":22},"end":{"line":206,"column":9}},"locations":[{"start":{"line":182,"column":22},"end":{"line":206,"column":9}}]},"34":{"type":"branch","line":190,"loc":{"start":{"line":190,"column":29},"end":{"line":190,"column":53}},"locations":[{"start":{"line":190,"column":29},"end":{"line":190,"column":53}}]},"35":{"type":"branch","line":212,"loc":{"start":{"line":212,"column":7},"end":{"line":216,"column":1}},"locations":[{"start":{"line":212,"column":7},"end":{"line":216,"column":1}}]}},"b":{"0":[8],"1":[6],"2":[2],"3":[6],"4":[8],"5":[8],"6":[8],"7":[8],"8":[12],"9":[6],"10":[6],"11":[6],"12":[7],"13":[7],"14":[0],"15":[5],"16":[1],"17":[6],"18":[5],"19":[5],"20":[11],"21":[6],"22":[4],"23":[1],"24":[2],"25":[1],"26":[1],"27":[1],"28":[1],"29":[3],"30":[2],"31":[1],"32":[2],"33":[1],"34":[1],"35":[1]},"fnMap":{"0":{"name":"addRequest","decl":{"start":{"line":29,"column":19},"end":{"line":47,"column":1}},"loc":{"start":{"line":29,"column":19},"end":{"line":47,"column":1}},"line":29},"1":{"name":"createSagaAction","decl":{"start":{"line":51,"column":32},"end":{"line":76,"column":1}},"loc":{"start":{"line":51,"column":32},"end":{"line":76,"column":1}},"line":51},"2":{"name":"actionCreator","decl":{"start":{"line":54,"column":4},"end":{"line":65,"column":5}},"loc":{"start":{"line":54,"column":4},"end":{"line":65,"column":5}},"line":54},"3":{"name":"cleanup","decl":{"start":{"line":78,"column":16},"end":{"line":80,"column":1}},"loc":{"start":{"line":78,"column":16},"end":{"line":80,"column":1}},"line":78},"4":{"name":"getRequest","decl":{"start":{"line":82,"column":0},"end":{"line":95,"column":1}},"loc":{"start":{"line":82,"column":0},"end":{"line":95,"column":1}},"line":82},"5":{"name":"result","decl":{"start":{"line":86,"column":42},"end":{"line":90,"column":9}},"loc":{"start":{"line":86,"column":42},"end":{"line":90,"column":9}},"line":86},"6":{"name":"onAdd","decl":{"start":{"line":88,"column":23},"end":{"line":88,"column":51}},"loc":{"start":{"line":88,"column":23},"end":{"line":88,"column":51}},"line":88},"7":{"name":"wrap","decl":{"start":{"line":97,"column":13},"end":{"line":113,"column":1}},"loc":{"start":{"line":97,"column":13},"end":{"line":113,"column":1}},"line":97},"8":{"name":"takeEveryHelper","decl":{"start":{"line":116,"column":24},"end":{"line":121,"column":2}},"loc":{"start":{"line":116,"column":24},"end":{"line":121,"column":2}},"line":116},"9":{"name":"takeEveryAsync","decl":{"start":{"line":127,"column":7},"end":{"line":129,"column":1}},"loc":{"start":{"line":127,"column":7},"end":{"line":129,"column":1}},"line":127},"10":{"name":"takeLatestAsync","decl":{"start":{"line":131,"column":7},"end":{"line":174,"column":1}},"loc":{"start":{"line":131,"column":7},"end":{"line":174,"column":1}},"line":131},"11":{"name":"wrapper","decl":{"start":{"line":135,"column":4},"end":{"line":161,"column":5}},"loc":{"start":{"line":135,"column":4},"end":{"line":161,"column":5}},"line":135},"12":{"name":"customTakeEvery","decl":{"start":{"line":163,"column":28},"end":{"line":171,"column":6}},"loc":{"start":{"line":163,"column":28},"end":{"line":171,"column":6}},"line":163},"13":{"name":"takeAggregateAsync","decl":{"start":{"line":176,"column":7},"end":{"line":210,"column":1}},"loc":{"start":{"line":176,"column":7},"end":{"line":210,"column":1}},"line":176},"14":{"name":"wrapper","decl":{"start":{"line":179,"column":4},"end":{"line":207,"column":5}},"loc":{"start":{"line":179,"column":4},"end":{"line":207,"column":5}},"line":179},"15":{"name":"putAsync","decl":{"start":{"line":212,"column":7},"end":{"line":216,"column":1}},"loc":{"start":{"line":212,"column":7},"end":{"line":216,"column":1}},"line":212}},"f":{"0":8,"1":6,"2":8,"3":8,"4":12,"5":6,"6":6,"7":7,"8":5,"9":4,"10":1,"11":2,"12":1,"13":1,"14":2,"15":1}}
}
